Using pre-set license
Built from '2020.3/staging' branch; Version is '2020.3.32f1 (12f8b0834f07) revision 1243312'; Using compiler version '192528614'; Build Type 'Release'
OS: 'Windows 10  (10.0.19044) 64bit Education' Language: 'pt' Physical Memory: 8101 MB
BatchMode: 1, IsHumanControllingUs: 0, StartBugReporterOnCrash: 0, Is64bit: 1, IsPro: 0

COMMAND LINE ARGUMENTS:
C:\Program Files\Unity\Hub\Editor\2020.3.32f1\Editor\Unity.exe
-adb2
-batchMode
-noUpm
-name
AssetImportWorker3
-projectPath
C:/Users/jonat/OneDrive/Documentos/Unity projects/Projeto 3D
-logFile
Logs/AssetImportWorker3.log
-srvPort
49439
Successfully changed project path to: C:/Users/jonat/OneDrive/Documentos/Unity projects/Projeto 3D
C:/Users/jonat/OneDrive/Documentos/Unity projects/Projeto 3D
Using Asset Import Pipeline V2.
Refreshing native plugins compatible for Editor in 71.83 ms, found 2 plugins.
Preloading 0 native plugins for Editor in 0.00 ms.
Initialize engine version: 2020.3.32f1 (12f8b0834f07)
[Subsystems] Discovering subsystems at path C:/Program Files/Unity/Hub/Editor/2020.3.32f1/Editor/Data/Resources/UnitySubsystems
[Subsystems] Discovering subsystems at path C:/Users/jonat/OneDrive/Documentos/Unity projects/Projeto 3D/Assets
GfxDevice: creating device client; threaded=0
Direct3D:
    Version:  Direct3D 11.0 [level 11.1]
    Renderer: Intel(R) UHD Graphics 620 (ID=0x5917)
    Vendor:   
    VRAM:     4050 MB
    Driver:   30.0.101.1660
Initialize mono
Mono path[0] = 'C:/Program Files/Unity/Hub/Editor/2020.3.32f1/Editor/Data/Managed'
Mono path[1] = 'C:/Program Files/Unity/Hub/Editor/2020.3.32f1/Editor/Data/MonoBleedingEdge/lib/mono/unityjit'
Mono config path = 'C:/Program Files/Unity/Hub/Editor/2020.3.32f1/Editor/Data/MonoBleedingEdge/etc'
Using monoOptions --debugger-agent=transport=dt_socket,embedding=1,server=y,suspend=n,address=127.0.0.1:56508
Begin MonoManager ReloadAssembly
Registering precompiled unity dll's ...
Register platform support module: C:/Program Files/Unity/Hub/Editor/2020.3.32f1/Editor/Data/PlaybackEngines/WebGLSupport/UnityEditor.WebGL.Extensions.dll
Register platform support module: C:/Program Files/Unity/Hub/Editor/2020.3.32f1/Editor/Data/PlaybackEngines/WindowsStandaloneSupport/UnityEditor.WindowsStandalone.Extensions.dll
Registered in 0.022896 seconds.
Native extension for WindowsStandalone target not found
Native extension for WebGL target not found
Refreshing native plugins compatible for Editor in 76.91 ms, found 2 plugins.
Preloading 0 native plugins for Editor in 0.00 ms.
Mono: successfully reloaded assembly
- Completed reload, in  0.846 seconds
Domain Reload Profiling:
	ReloadAssembly (846ms)
		BeginReloadAssembly (90ms)
			ExecutionOrderSort (0ms)
			DisableScriptedObjects (0ms)
			BackupInstance (0ms)
			ReleaseScriptingObjects (0ms)
			CreateAndSetChildDomain (1ms)
		EndReloadAssembly (634ms)
			LoadAssemblies (87ms)
			RebuildTransferFunctionScriptingTraits (0ms)
			SetupTypeCache (230ms)
			ReleaseScriptCaches (0ms)
			RebuildScriptCaches (36ms)
			SetupLoadedEditorAssemblies (245ms)
				LogAssemblyErrors (0ms)
				InitializePlatformSupportModulesInManaged (7ms)
				SetLoadedEditorAssemblies (0ms)
				RefreshPlugins (77ms)
				BeforeProcessingInitializeOnLoad (15ms)
				ProcessInitializeOnLoadAttributes (100ms)
				ProcessInitializeOnLoadMethodAttributes (46ms)
				AfterProcessingInitializeOnLoad (0ms)
				EditorAssembliesLoaded (0ms)
			ExecutionOrderSort2 (0ms)
			AwakeInstancesAfterBackupRestoration (0ms)
Platform modules already initialized, skipping
Registering precompiled user dll's ...
Registered in 0.004924 seconds.
Begin MonoManager ReloadAssembly
Symbol file LoadedFromMemory doesn't match image C:\Users\jonat\OneDrive\Documentos\Unity projects\Projeto 3D\Library\PackageCache\com.unity.collab-proxy@1.15.15\Lib\Editor\PlasticSCM\unityplastic.dll
Native extension for WindowsStandalone target not found
Native extension for WebGL target not found
Refreshing native plugins compatible for Editor in 62.21 ms, found 2 plugins.
Preloading 0 native plugins for Editor in 0.00 ms.
Mono: successfully reloaded assembly
- Completed reload, in  4.209 seconds
Domain Reload Profiling:
	ReloadAssembly (4236ms)
		BeginReloadAssembly (177ms)
			ExecutionOrderSort (0ms)
			DisableScriptedObjects (6ms)
			BackupInstance (0ms)
			ReleaseScriptingObjects (0ms)
			CreateAndSetChildDomain (22ms)
		EndReloadAssembly (3752ms)
			LoadAssemblies (2516ms)
			RebuildTransferFunctionScriptingTraits (0ms)
			SetupTypeCache (463ms)
			ReleaseScriptCaches (0ms)
			RebuildScriptCaches (51ms)
			SetupLoadedEditorAssemblies (571ms)
				LogAssemblyErrors (0ms)
				InitializePlatformSupportModulesInManaged (4ms)
				SetLoadedEditorAssemblies (0ms)
				RefreshPlugins (62ms)
				BeforeProcessingInitializeOnLoad (84ms)
				ProcessInitializeOnLoadAttributes (294ms)
				ProcessInitializeOnLoadMethodAttributes (116ms)
				AfterProcessingInitializeOnLoad (9ms)
				EditorAssembliesLoaded (0ms)
			ExecutionOrderSort2 (0ms)
			AwakeInstancesAfterBackupRestoration (7ms)
Platform modules already initialized, skipping
========================================================================
Worker process is ready to serve import requests
Launched and connected shader compiler UnityShaderCompiler.exe after 0.40 seconds
Refreshing native plugins compatible for Editor in 0.67 ms, found 2 plugins.
Preloading 0 native plugins for Editor in 0.00 ms.
Unloading 2016 Unused Serialized files (Serialized files now loaded: 0)
System memory in use before: 110.2 MB.
System memory in use after: 110.3 MB.

Unloading 17 unused Assets to reduce memory usage. Loaded Objects now: 2479.
Total: 3.556700 ms (FindLiveObjects: 0.191800 ms CreateObjectMapping: 0.069900 ms MarkObjects: 3.113500 ms  DeleteObjects: 0.180400 ms)

AssetImportParameters requested are different than current active one (requested -> active):
  custom:framework-win-MediaFoundation: 216162199b28c13a410421893ffa2e32 -> 
  custom:video-decoder-ogg-theora: a1e56fd34408186e4bbccfd4996cb3dc -> 
  custom:container-muxer-webm: aa71ff27fc2769a1b78a27578f13a17b -> 
  custom:container-demuxer-webm: 4f35f7cbe854078d1ac9338744f61a02 -> 
  custom:container-demuxer-ogg: 62fdf1f143b41e24485cea50d1cbac27 -> 
  custom:video-encoder-webm-vp8: eb34c28f22e8b96e1ab97ce403110664 -> 
  custom:video-codec-MediaFoundation-h265: 746d11721c4dcdbdad8f713fa42b33f4 -> 
  custom:video-decoder-webm-vp8: 9c59270c3fd7afecdb556c50c9e8de78 -> 
  custom:audio-decoder-ogg-vorbis: bf7c407c2cedff20999df2af8eb42d56 -> 
  custom:audio-encoder-webm-vorbis: bf7c407c2cedff20999df2af8eb42d56 -> 
========================================================================
Received Import Request.
  path: Assets/3D
  artifactKey: Guid(1c2136675aa5d5d4bb863a2786d49a84) Importer(815301076,1909f56bfc062723c751e8b465ee728b)
Start importing Assets/3D using Guid(1c2136675aa5d5d4bb863a2786d49a84) Importer(815301076,1909f56bfc062723c751e8b465ee728b)  -> (artifact id: 'a146984b8f1370d2c2ee7ece2dde8cfb') in 0.006053 seconds 
========================================================================
Received Import Request.
  Time since last request: 453.919837 seconds.
  path: Assets
  artifactKey: Guid(00000000000000001000000000000000) Importer(815301076,1909f56bfc062723c751e8b465ee728b)
Start importing Assets using Guid(00000000000000001000000000000000) Importer(815301076,1909f56bfc062723c751e8b465ee728b)  -> (artifact id: '42d402b061de3733987d63b9cc3b64de') in 0.003553 seconds 
========================================================================
Received Import Request.
  Time since last request: 11.276927 seconds.
  path: Assets/Animations 1
  artifactKey: Guid(98f93b231b8aa234099bcaccaf0b3ccd) Importer(815301076,1909f56bfc062723c751e8b465ee728b)
Start importing Assets/Animations 1 using Guid(98f93b231b8aa234099bcaccaf0b3ccd) Importer(815301076,1909f56bfc062723c751e8b465ee728b)  -> (artifact id: 'eda22802e8b395fd75fbae775460c401') in 0.003789 seconds 
========================================================================
Received Import Request.
  Time since last request: 5.461057 seconds.
  path: Assets/Animations
  artifactKey: Guid(0362e26aa6db6d447bdadce953db4eb9) Importer(815301076,1909f56bfc062723c751e8b465ee728b)
Start importing Assets/Animations using Guid(0362e26aa6db6d447bdadce953db4eb9) Importer(815301076,1909f56bfc062723c751e8b465ee728b)  -> (artifact id: 'c93895426bafaa4187754926ad70ec32') in 0.002847 seconds 
========================================================================
Received Import Request.
  Time since last request: 5.353255 seconds.
  path: Assets/Animations/Door
  artifactKey: Guid(d377493415b1802419ee524020f962c4) Importer(815301076,1909f56bfc062723c751e8b465ee728b)
Start importing Assets/Animations/Door using Guid(d377493415b1802419ee524020f962c4) Importer(815301076,1909f56bfc062723c751e8b465ee728b)  -> (artifact id: 'eaaaf5296c7d34fca06b09d6fb4ef3d6') in 0.002817 seconds 
========================================================================
Received Import Request.
  Time since last request: 9.885517 seconds.
  path: Assets/Animations/NPC
  artifactKey: Guid(e7755d214f743c0489d472f1c4f31377) Importer(815301076,1909f56bfc062723c751e8b465ee728b)
Start importing Assets/Animations/NPC using Guid(e7755d214f743c0489d472f1c4f31377) Importer(815301076,1909f56bfc062723c751e8b465ee728b)  -> (artifact id: 'af3780781abb3de856dbeb5553ac3195') in 0.002780 seconds 
========================================================================
Received Import Request.
  Time since last request: 91.093996 seconds.
  path: Assets/Animations/warrok_w_kurniawan@Walking.fbx
  artifactKey: Guid(e9a0b335b3c49104e90a8013ac20aca4) Importer(815301076,1909f56bfc062723c751e8b465ee728b)
Start importing Assets/Animations/warrok_w_kurniawan@Walking.fbx using Guid(e9a0b335b3c49104e90a8013ac20aca4) Importer(815301076,1909f56bfc062723c751e8b465ee728b)  -> (artifact id: 'c8dd2408a16394e842829a739208507e') in 1.214550 seconds 
========================================================================
Received Import Request.
  Time since last request: 1054.457022 seconds.
  path: Assets/Kevin Iglesias
  artifactKey: Guid(2a72e30bae3150d4499fd81736b18f6f) Importer(815301076,1909f56bfc062723c751e8b465ee728b)
Start importing Assets/Kevin Iglesias using Guid(2a72e30bae3150d4499fd81736b18f6f) Importer(815301076,1909f56bfc062723c751e8b465ee728b)  -> (artifact id: 'efe7b287ba997ef216e3d3104fc360bd') in 0.026920 seconds 
========================================================================
Received Import Request.
  Time since last request: 3.768735 seconds.
  path: Assets/Kevin Iglesias/Basic Motions Pack
  artifactKey: Guid(2cb279c410b7a3e4dbf4aab42283effa) Importer(815301076,1909f56bfc062723c751e8b465ee728b)
Start importing Assets/Kevin Iglesias/Basic Motions Pack using Guid(2cb279c410b7a3e4dbf4aab42283effa) Importer(815301076,1909f56bfc062723c751e8b465ee728b)  -> (artifact id: 'b7e199c234ca20d35c3e44a7b379f77c') in 0.042378 seconds 
========================================================================
Received Import Request.
  Time since last request: 33.489930 seconds.
  path: Assets/Animations/Basic Motions Pack/AnimationControllers/BasicMotions@Idle.controller
  artifactKey: Guid(a8555c0cff30527479e32562cef9141f) Importer(815301076,1909f56bfc062723c751e8b465ee728b)
Start importing Assets/Animations/Basic Motions Pack/AnimationControllers/BasicMotions@Idle.controller using Guid(a8555c0cff30527479e32562cef9141f) Importer(815301076,1909f56bfc062723c751e8b465ee728b)  -> (artifact id: '0a17b1f62e3714badddd1bc98b4338ce') in 0.259039 seconds 
========================================================================
Received Import Request.
  Time since last request: 7.443088 seconds.
  path: Assets/Animations/Basic Motions Pack/Animations/BasicMotions@Idle01 - Idle02.fbx
  artifactKey: Guid(f76369a9462327a4eb446ad259708577) Importer(815301076,1909f56bfc062723c751e8b465ee728b)
Start importing Assets/Animations/Basic Motions Pack/Animations/BasicMotions@Idle01 - Idle02.fbx using Guid(f76369a9462327a4eb446ad259708577) Importer(815301076,1909f56bfc062723c751e8b465ee728b)  -> (artifact id: '9dee95008a8fe60c8bb0b8799a691a88') in 0.124922 seconds 
========================================================================
Received Import Request.
  Time since last request: 2.622114 seconds.
  path: Assets/Animations/Basic Motions Pack/Animations/BasicMotions@Idle01.fbx
  artifactKey: Guid(59a515d01e333a74c82eb5c7c8434049) Importer(815301076,1909f56bfc062723c751e8b465ee728b)
Start importing Assets/Animations/Basic Motions Pack/Animations/BasicMotions@Idle01.fbx using Guid(59a515d01e333a74c82eb5c7c8434049) Importer(815301076,1909f56bfc062723c751e8b465ee728b)  -> (artifact id: '0e7fd6495b869c2793a6e2f213399752') in 0.054548 seconds 
========================================================================
Received Import Request.
  Time since last request: 60.598814 seconds.
  path: Assets/Animations/Basic Motions Pack/AnimationControllers
  artifactKey: Guid(2772e80ca8ca2eb438c6fad54e343aca) Importer(815301076,1909f56bfc062723c751e8b465ee728b)
Start importing Assets/Animations/Basic Motions Pack/AnimationControllers using Guid(2772e80ca8ca2eb438c6fad54e343aca) Importer(815301076,1909f56bfc062723c751e8b465ee728b)  -> (artifact id: '118a4c1a46c9f8776a59b6e3b41430ed') in 0.028315 seconds 
========================================================================
Received Prepare
Registering precompiled user dll's ...
Registered in 0.407785 seconds.
Begin MonoManager ReloadAssembly
Symbol file LoadedFromMemory doesn't match image C:\Users\jonat\OneDrive\Documentos\Unity projects\Projeto 3D\Library\PackageCache\com.unity.collab-proxy@1.15.15\Lib\Editor\PlasticSCM\unityplastic.dll
Native extension for WindowsStandalone target not found
Native extension for WebGL target not found
Refreshing native plugins compatible for Editor in 0.97 ms, found 2 plugins.
Preloading 0 native plugins for Editor in 0.00 ms.
Mono: successfully reloaded assembly
- Completed reload, in  5.067 seconds
Domain Reload Profiling:
	ReloadAssembly (5069ms)
		BeginReloadAssembly (1667ms)
			ExecutionOrderSort (0ms)
			DisableScriptedObjects (155ms)
			BackupInstance (0ms)
			ReleaseScriptingObjects (0ms)
			CreateAndSetChildDomain (387ms)
		EndReloadAssembly (3264ms)
			LoadAssemblies (1397ms)
			RebuildTransferFunctionScriptingTraits (0ms)
			SetupTypeCache (821ms)
			ReleaseScriptCaches (1ms)
			RebuildScriptCaches (74ms)
			SetupLoadedEditorAssemblies (660ms)
				LogAssemblyErrors (0ms)
				InitializePlatformSupportModulesInManaged (8ms)
				SetLoadedEditorAssemblies (1ms)
				RefreshPlugins (1ms)
				BeforeProcessingInitializeOnLoad (208ms)
				ProcessInitializeOnLoadAttributes (403ms)
				ProcessInitializeOnLoadMethodAttributes (21ms)
				AfterProcessingInitializeOnLoad (17ms)
				EditorAssembliesLoaded (1ms)
			ExecutionOrderSort2 (0ms)
			AwakeInstancesAfterBackupRestoration (16ms)
Platform modules already initialized, skipping
Refreshing native plugins compatible for Editor in 1.12 ms, found 2 plugins.
Preloading 0 native plugins for Editor in 0.00 ms.
Unloading 1973 Unused Serialized files (Serialized files now loaded: 0)
System memory in use before: 106.4 MB.
System memory in use after: 106.5 MB.

Unloading 12 unused Assets to reduce memory usage. Loaded Objects now: 2482.
Total: 3.875700 ms (FindLiveObjects: 0.230800 ms CreateObjectMapping: 0.076700 ms MarkObjects: 3.422400 ms  DeleteObjects: 0.144600 ms)

AssetImportParameters requested are different than current active one (requested -> active):
  custom:framework-win-MediaFoundation: 216162199b28c13a410421893ffa2e32 -> 
  custom:video-decoder-ogg-theora: a1e56fd34408186e4bbccfd4996cb3dc -> 
  custom:container-muxer-webm: aa71ff27fc2769a1b78a27578f13a17b -> 
  custom:container-demuxer-webm: 4f35f7cbe854078d1ac9338744f61a02 -> 
  custom:container-demuxer-ogg: 62fdf1f143b41e24485cea50d1cbac27 -> 
  custom:video-encoder-webm-vp8: eb34c28f22e8b96e1ab97ce403110664 -> 
  custom:video-codec-MediaFoundation-h265: 746d11721c4dcdbdad8f713fa42b33f4 -> 
  custom:video-decoder-webm-vp8: 9c59270c3fd7afecdb556c50c9e8de78 -> 
  custom:audio-decoder-ogg-vorbis: bf7c407c2cedff20999df2af8eb42d56 -> 
  custom:audio-encoder-webm-vorbis: bf7c407c2cedff20999df2af8eb42d56 -> 
========================================================================
Received Import Request.
  Time since last request: 260.687270 seconds.
  path: Assets/3D/NPCs
  artifactKey: Guid(4e6c2c11fb2bafe4684787a9663b2abc) Importer(815301076,1909f56bfc062723c751e8b465ee728b)
Start importing Assets/3D/NPCs using Guid(4e6c2c11fb2bafe4684787a9663b2abc) Importer(815301076,1909f56bfc062723c751e8b465ee728b)  -> (artifact id: '15e812b1f7bf6f9a0e8625238558da72') in 0.104777 seconds 
========================================================================
Received Import Request.
  Time since last request: 3.069811 seconds.
  path: Assets/3D/NPCs/NPC1/NPC1- teste.fbx
  artifactKey: Guid(eab3657290669a44385324cbcd6810e2) Importer(815301076,1909f56bfc062723c751e8b465ee728b)
Start importing Assets/3D/NPCs/NPC1/NPC1- teste.fbx using Guid(eab3657290669a44385324cbcd6810e2) Importer(815301076,1909f56bfc062723c751e8b465ee728b)  -> (artifact id: '9cc9c2232b7af69e1c97b8d3055b406a') in 6.148886 seconds 
========================================================================
Received Prepare
Registering precompiled user dll's ...
Registered in 0.004115 seconds.
Begin MonoManager ReloadAssembly
Symbol file LoadedFromMemory doesn't match image C:\Users\jonat\OneDrive\Documentos\Unity projects\Projeto 3D\Library\PackageCache\com.unity.collab-proxy@1.15.15\Lib\Editor\PlasticSCM\unityplastic.dll
Native extension for WindowsStandalone target not found
Native extension for WebGL target not found
Refreshing native plugins compatible for Editor in 0.94 ms, found 2 plugins.
Preloading 0 native plugins for Editor in 0.00 ms.
Mono: successfully reloaded assembly
- Completed reload, in  1.299 seconds
Domain Reload Profiling:
	ReloadAssembly (1300ms)
		BeginReloadAssembly (168ms)
			ExecutionOrderSort (0ms)
			DisableScriptedObjects (5ms)
			BackupInstance (0ms)
			ReleaseScriptingObjects (0ms)
			CreateAndSetChildDomain (39ms)
		EndReloadAssembly (1063ms)
			LoadAssemblies (142ms)
			RebuildTransferFunctionScriptingTraits (0ms)
			SetupTypeCache (340ms)
			ReleaseScriptCaches (1ms)
			RebuildScriptCaches (45ms)
			SetupLoadedEditorAssemblies (391ms)
				LogAssemblyErrors (0ms)
				InitializePlatformSupportModulesInManaged (6ms)
				SetLoadedEditorAssemblies (1ms)
				RefreshPlugins (1ms)
				BeforeProcessingInitializeOnLoad (160ms)
				ProcessInitializeOnLoadAttributes (201ms)
				ProcessInitializeOnLoadMethodAttributes (14ms)
				AfterProcessingInitializeOnLoad (8ms)
				EditorAssembliesLoaded (0ms)
			ExecutionOrderSort2 (0ms)
			AwakeInstancesAfterBackupRestoration (7ms)
Platform modules already initialized, skipping
Refreshing native plugins compatible for Editor in 0.82 ms, found 2 plugins.
Preloading 0 native plugins for Editor in 0.00 ms.
Unloading 1973 Unused Serialized files (Serialized files now loaded: 0)
System memory in use before: 123.3 MB.
System memory in use after: 123.4 MB.

Unloading 12 unused Assets to reduce memory usage. Loaded Objects now: 2529.
Total: 3.556800 ms (FindLiveObjects: 0.209300 ms CreateObjectMapping: 0.085100 ms MarkObjects: 3.112200 ms  DeleteObjects: 0.148800 ms)

AssetImportParameters requested are different than current active one (requested -> active):
  custom:framework-win-MediaFoundation: 216162199b28c13a410421893ffa2e32 -> 
  custom:video-decoder-ogg-theora: a1e56fd34408186e4bbccfd4996cb3dc -> 
  custom:container-muxer-webm: aa71ff27fc2769a1b78a27578f13a17b -> 
  custom:container-demuxer-webm: 4f35f7cbe854078d1ac9338744f61a02 -> 
  custom:container-demuxer-ogg: 62fdf1f143b41e24485cea50d1cbac27 -> 
  custom:video-encoder-webm-vp8: eb34c28f22e8b96e1ab97ce403110664 -> 
  custom:video-codec-MediaFoundation-h265: 746d11721c4dcdbdad8f713fa42b33f4 -> 
  custom:video-decoder-webm-vp8: 9c59270c3fd7afecdb556c50c9e8de78 -> 
  custom:audio-decoder-ogg-vorbis: bf7c407c2cedff20999df2af8eb42d56 -> 
  custom:audio-encoder-webm-vorbis: bf7c407c2cedff20999df2af8eb42d56 -> 
========================================================================
Received Import Request.
  Time since last request: 121.434572 seconds.
  path: Assets/3D/NPCs/NPC1/NPC1- teste.fbx
  artifactKey: Guid(eab3657290669a44385324cbcd6810e2) Importer(815301076,1909f56bfc062723c751e8b465ee728b)
Start importing Assets/3D/NPCs/NPC1/NPC1- teste.fbx using Guid(eab3657290669a44385324cbcd6810e2) Importer(815301076,1909f56bfc062723c751e8b465ee728b)  -> (artifact id: '284c0654169c4e83aa4efb05442173f1') in 0.254837 seconds 
========================================================================
Received Import Request.
  Time since last request: 21.644751 seconds.
  path: Assets/Animations/Basic Motions Pack/Animations/BasicMotions@Jump01.fbx
  artifactKey: Guid(7f0ffdcc529388b48bf0f30b84d26263) Importer(815301076,1909f56bfc062723c751e8b465ee728b)
Start importing Assets/Animations/Basic Motions Pack/Animations/BasicMotions@Jump01.fbx using Guid(7f0ffdcc529388b48bf0f30b84d26263) Importer(815301076,1909f56bfc062723c751e8b465ee728b)  -> (artifact id: 'c65fabcbaee6c4d72a78ef0f176eda42') in 0.035420 seconds 
========================================================================
Received Import Request.
  Time since last request: 0.252294 seconds.
  path: Assets/Animations/Basic Motions Pack/Animations/BasicMotions@Idle02.fbx
  artifactKey: Guid(3e331de7ae1981a4d80aa5799e9b3afe) Importer(815301076,1909f56bfc062723c751e8b465ee728b)
Start importing Assets/Animations/Basic Motions Pack/Animations/BasicMotions@Idle02.fbx using Guid(3e331de7ae1981a4d80aa5799e9b3afe) Importer(815301076,1909f56bfc062723c751e8b465ee728b)  -> (artifact id: '50a5eeb97870cc7bce31542ac86f9861') in 0.009770 seconds 
========================================================================
Received Prepare
Registering precompiled user dll's ...
Registered in 0.003979 seconds.
Begin MonoManager ReloadAssembly
Symbol file LoadedFromMemory doesn't match image C:\Users\jonat\OneDrive\Documentos\Unity projects\Projeto 3D\Library\PackageCache\com.unity.collab-proxy@1.15.15\Lib\Editor\PlasticSCM\unityplastic.dll
Native extension for WindowsStandalone target not found
Native extension for WebGL target not found
Refreshing native plugins compatible for Editor in 0.72 ms, found 2 plugins.
Preloading 0 native plugins for Editor in 0.00 ms.
Mono: successfully reloaded assembly
- Completed reload, in  1.216 seconds
Domain Reload Profiling:
	ReloadAssembly (1216ms)
		BeginReloadAssembly (136ms)
			ExecutionOrderSort (0ms)
			DisableScriptedObjects (4ms)
			BackupInstance (0ms)
			ReleaseScriptingObjects (0ms)
			CreateAndSetChildDomain (36ms)
		EndReloadAssembly (995ms)
			LoadAssemblies (147ms)
			RebuildTransferFunctionScriptingTraits (0ms)
			SetupTypeCache (307ms)
			ReleaseScriptCaches (1ms)
			RebuildScriptCaches (46ms)
			SetupLoadedEditorAssemblies (398ms)
				LogAssemblyErrors (0ms)
				InitializePlatformSupportModulesInManaged (6ms)
				SetLoadedEditorAssemblies (1ms)
				RefreshPlugins (1ms)
				BeforeProcessingInitializeOnLoad (104ms)
				ProcessInitializeOnLoadAttributes (259ms)
				ProcessInitializeOnLoadMethodAttributes (17ms)
				AfterProcessingInitializeOnLoad (10ms)
				EditorAssembliesLoaded (0ms)
			ExecutionOrderSort2 (0ms)
			AwakeInstancesAfterBackupRestoration (7ms)
Platform modules already initialized, skipping
Refreshing native plugins compatible for Editor in 0.70 ms, found 2 plugins.
Preloading 0 native plugins for Editor in 0.00 ms.
Unloading 1973 Unused Serialized files (Serialized files now loaded: 0)
System memory in use before: 123.4 MB.
System memory in use after: 123.5 MB.

Unloading 12 unused Assets to reduce memory usage. Loaded Objects now: 2533.
Total: 3.701100 ms (FindLiveObjects: 0.199500 ms CreateObjectMapping: 0.070100 ms MarkObjects: 3.292300 ms  DeleteObjects: 0.138200 ms)

AssetImportParameters requested are different than current active one (requested -> active):
  custom:framework-win-MediaFoundation: 216162199b28c13a410421893ffa2e32 -> 
  custom:video-decoder-ogg-theora: a1e56fd34408186e4bbccfd4996cb3dc -> 
  custom:container-muxer-webm: aa71ff27fc2769a1b78a27578f13a17b -> 
  custom:container-demuxer-webm: 4f35f7cbe854078d1ac9338744f61a02 -> 
  custom:container-demuxer-ogg: 62fdf1f143b41e24485cea50d1cbac27 -> 
  custom:video-encoder-webm-vp8: eb34c28f22e8b96e1ab97ce403110664 -> 
  custom:video-codec-MediaFoundation-h265: 746d11721c4dcdbdad8f713fa42b33f4 -> 
  custom:video-decoder-webm-vp8: 9c59270c3fd7afecdb556c50c9e8de78 -> 
  custom:audio-decoder-ogg-vorbis: bf7c407c2cedff20999df2af8eb42d56 -> 
  custom:audio-encoder-webm-vorbis: bf7c407c2cedff20999df2af8eb42d56 -> 
========================================================================
Received Import Request.
  Time since last request: 39.720303 seconds.
  path: Assets/TerrainTexturesPackFree
  artifactKey: Guid(0bc853cf2354ee14a8297f5ce266b2ee) Importer(815301076,1909f56bfc062723c751e8b465ee728b)
Start importing Assets/TerrainTexturesPackFree using Guid(0bc853cf2354ee14a8297f5ce266b2ee) Importer(815301076,1909f56bfc062723c751e8b465ee728b)  -> (artifact id: '3a10ec73f792a2bb103f3ad960a7a2fe') in 0.020909 seconds 
========================================================================
Received Import Request.
  Time since last request: 4.811899 seconds.
  path: Assets/PBR_Grass_Textures/Textures/grass_01.png
  artifactKey: Guid(15f6d1c452c8e9f4c896260d6bb8433d) Importer(815301076,1909f56bfc062723c751e8b465ee728b)
Start importing Assets/PBR_Grass_Textures/Textures/grass_01.png using Guid(15f6d1c452c8e9f4c896260d6bb8433d) Importer(815301076,1909f56bfc062723c751e8b465ee728b)  -> (artifact id: 'edeab7c283688035b4a94ae8bdf38d3d') in 0.514476 seconds 
========================================================================
Received Import Request.
  Time since last request: 1.601091 seconds.
  path: Assets/NewLayer.terrainlayer
  artifactKey: Guid(26782cdae35f9ab48ad3e60816eafda0) Importer(815301076,1909f56bfc062723c751e8b465ee728b)
Start importing Assets/NewLayer.terrainlayer using Guid(26782cdae35f9ab48ad3e60816eafda0) Importer(815301076,1909f56bfc062723c751e8b465ee728b)  -> (artifact id: '20f7a1d9efb03e535ff01b801ea5b7a9') in 0.080752 seconds 
========================================================================
Received Import Request.
  Time since last request: 12.072611 seconds.
  path: Assets/Audios
  artifactKey: Guid(04e37b7b74c3fe840b22b70386d0dcb3) Importer(815301076,1909f56bfc062723c751e8b465ee728b)
Start importing Assets/Audios using Guid(04e37b7b74c3fe840b22b70386d0dcb3) Importer(815301076,1909f56bfc062723c751e8b465ee728b)  -> (artifact id: 'ac679a5520d8ec09da542da103cba66b') in 0.002861 seconds 
========================================================================
Received Import Request.
  Time since last request: 730.651507 seconds.
  path: ProjectSettings/TagManager.asset
  artifactKey: Guid(00000000000000003000000000000000) Importer(815301076,1909f56bfc062723c751e8b465ee728b)
Start importing ProjectSettings/TagManager.asset using Guid(00000000000000003000000000000000) Importer(815301076,1909f56bfc062723c751e8b465ee728b)  -> (artifact id: 'cb1c2911be21bd20396a768fc6fb41db') in 0.130110 seconds 
========================================================================
Received Prepare
Registering precompiled user dll's ...
Registered in 0.113050 seconds.
Begin MonoManager ReloadAssembly
Symbol file LoadedFromMemory doesn't match image C:\Users\jonat\OneDrive\Documentos\Unity projects\Projeto 3D\Library\PackageCache\com.unity.collab-proxy@1.15.15\Lib\Editor\PlasticSCM\unityplastic.dll
Native extension for WindowsStandalone target not found
Native extension for WebGL target not found
Refreshing native plugins compatible for Editor in 0.67 ms, found 2 plugins.
Preloading 0 native plugins for Editor in 0.00 ms.
Mono: successfully reloaded assembly
- Completed reload, in  4.745 seconds
Domain Reload Profiling:
	ReloadAssembly (4750ms)
		BeginReloadAssembly (2105ms)
			ExecutionOrderSort (0ms)
			DisableScriptedObjects (32ms)
			BackupInstance (0ms)
			ReleaseScriptingObjects (0ms)
			CreateAndSetChildDomain (232ms)
		EndReloadAssembly (2511ms)
			LoadAssemblies (1460ms)
			RebuildTransferFunctionScriptingTraits (0ms)
			SetupTypeCache (1309ms)
			ReleaseScriptCaches (90ms)
			RebuildScriptCaches (50ms)
			SetupLoadedEditorAssemblies (553ms)
				LogAssemblyErrors (0ms)
				InitializePlatformSupportModulesInManaged (7ms)
				SetLoadedEditorAssemblies (1ms)
				RefreshPlugins (1ms)
				BeforeProcessingInitializeOnLoad (175ms)
				ProcessInitializeOnLoadAttributes (345ms)
				ProcessInitializeOnLoadMethodAttributes (15ms)
				AfterProcessingInitializeOnLoad (9ms)
				EditorAssembliesLoaded (0ms)
			ExecutionOrderSort2 (0ms)
			AwakeInstancesAfterBackupRestoration (9ms)
Platform modules already initialized, skipping
Refreshing native plugins compatible for Editor in 0.75 ms, found 2 plugins.
Preloading 0 native plugins for Editor in 0.00 ms.
Unloading 1973 Unused Serialized files (Serialized files now loaded: 0)
System memory in use before: 123.5 MB.
System memory in use after: 123.5 MB.

Unloading 13 unused Assets to reduce memory usage. Loaded Objects now: 2539.
Total: 78.129100 ms (FindLiveObjects: 0.490000 ms CreateObjectMapping: 0.209700 ms MarkObjects: 77.263200 ms  DeleteObjects: 0.164900 ms)

AssetImportParameters requested are different than current active one (requested -> active):
  custom:framework-win-MediaFoundation: 216162199b28c13a410421893ffa2e32 -> 
  custom:video-decoder-ogg-theora: a1e56fd34408186e4bbccfd4996cb3dc -> 
  custom:container-muxer-webm: aa71ff27fc2769a1b78a27578f13a17b -> 
  custom:container-demuxer-webm: 4f35f7cbe854078d1ac9338744f61a02 -> 
  custom:container-demuxer-ogg: 62fdf1f143b41e24485cea50d1cbac27 -> 
  custom:video-encoder-webm-vp8: eb34c28f22e8b96e1ab97ce403110664 -> 
  custom:video-codec-MediaFoundation-h265: 746d11721c4dcdbdad8f713fa42b33f4 -> 
  custom:video-decoder-webm-vp8: 9c59270c3fd7afecdb556c50c9e8de78 -> 
  custom:audio-decoder-ogg-vorbis: bf7c407c2cedff20999df2af8eb42d56 -> 
  custom:audio-encoder-webm-vorbis: bf7c407c2cedff20999df2af8eb42d56 -> 
========================================================================
Received Import Request.
  Time since last request: 699.064482 seconds.
  path: Assets/Audios/Andando.wav
  artifactKey: Guid(9f1e48116282fbf47a5d7cd200c61870) Importer(815301076,1909f56bfc062723c751e8b465ee728b)
Start importing Assets/Audios/Andando.wav using Guid(9f1e48116282fbf47a5d7cd200c61870) Importer(815301076,1909f56bfc062723c751e8b465ee728b)  -> (artifact id: '9802c0c3e17234f95db2c3261df18373') in 0.561691 seconds 
========================================================================
Received Import Request.
  Time since last request: 41.532066 seconds.
  path: Assets/Audios/Walking sound.mp3
  artifactKey: Guid(ccd089a7db6bb8d42a2698ab44840e8b) Importer(815301076,1909f56bfc062723c751e8b465ee728b)
Start importing Assets/Audios/Walking sound.mp3 using Guid(ccd089a7db6bb8d42a2698ab44840e8b) Importer(815301076,1909f56bfc062723c751e8b465ee728b)  -> (artifact id: '14d083cd93a3ea84e9732017d0e831a1') in 0.016679 seconds 
========================================================================
Received Prepare
Registering precompiled user dll's ...
Registered in 0.013835 seconds.
Begin MonoManager ReloadAssembly
Symbol file LoadedFromMemory doesn't match image C:\Users\jonat\OneDrive\Documentos\Unity projects\Projeto 3D\Library\PackageCache\com.unity.collab-proxy@1.15.15\Lib\Editor\PlasticSCM\unityplastic.dll
Native extension for WindowsStandalone target not found
Native extension for WebGL target not found
Refreshing native plugins compatible for Editor in 0.85 ms, found 2 plugins.
Preloading 0 native plugins for Editor in 0.00 ms.
Mono: successfully reloaded assembly
- Completed reload, in  1.246 seconds
Domain Reload Profiling:
	ReloadAssembly (1247ms)
		BeginReloadAssembly (185ms)
			ExecutionOrderSort (0ms)
			DisableScriptedObjects (5ms)
			BackupInstance (0ms)
			ReleaseScriptingObjects (0ms)
			CreateAndSetChildDomain (42ms)
		EndReloadAssembly (990ms)
			LoadAssemblies (156ms)
			RebuildTransferFunctionScriptingTraits (0ms)
			SetupTypeCache (299ms)
			ReleaseScriptCaches (1ms)
			RebuildScriptCaches (46ms)
			SetupLoadedEditorAssemblies (431ms)
				LogAssemblyErrors (0ms)
				InitializePlatformSupportModulesInManaged (6ms)
				SetLoadedEditorAssemblies (1ms)
				RefreshPlugins (1ms)
				BeforeProcessingInitializeOnLoad (101ms)
				ProcessInitializeOnLoadAttributes (298ms)
				ProcessInitializeOnLoadMethodAttributes (15ms)
				AfterProcessingInitializeOnLoad (9ms)
				EditorAssembliesLoaded (0ms)
			ExecutionOrderSort2 (0ms)
			AwakeInstancesAfterBackupRestoration (7ms)
Platform modules already initialized, skipping
Refreshing native plugins compatible for Editor in 0.80 ms, found 2 plugins.
Preloading 0 native plugins for Editor in 0.00 ms.
Unloading 1973 Unused Serialized files (Serialized files now loaded: 0)
System memory in use before: 123.6 MB.
System memory in use after: 123.7 MB.

Unloading 12 unused Assets to reduce memory usage. Loaded Objects now: 2545.
Total: 3.937800 ms (FindLiveObjects: 0.187700 ms CreateObjectMapping: 0.085700 ms MarkObjects: 3.511400 ms  DeleteObjects: 0.151300 ms)

AssetImportParameters requested are different than current active one (requested -> active):
  custom:framework-win-MediaFoundation: 216162199b28c13a410421893ffa2e32 -> 
  custom:video-decoder-ogg-theora: a1e56fd34408186e4bbccfd4996cb3dc -> 
  custom:container-muxer-webm: aa71ff27fc2769a1b78a27578f13a17b -> 
  custom:container-demuxer-webm: 4f35f7cbe854078d1ac9338744f61a02 -> 
  custom:container-demuxer-ogg: 62fdf1f143b41e24485cea50d1cbac27 -> 
  custom:video-encoder-webm-vp8: eb34c28f22e8b96e1ab97ce403110664 -> 
  custom:video-codec-MediaFoundation-h265: 746d11721c4dcdbdad8f713fa42b33f4 -> 
  custom:video-decoder-webm-vp8: 9c59270c3fd7afecdb556c50c9e8de78 -> 
  custom:audio-decoder-ogg-vorbis: bf7c407c2cedff20999df2af8eb42d56 -> 
  custom:audio-encoder-webm-vorbis: bf7c407c2cedff20999df2af8eb42d56 -> 
========================================================================
Received Prepare
Registering precompiled user dll's ...
Registered in 0.004221 seconds.
Begin MonoManager ReloadAssembly
Symbol file LoadedFromMemory doesn't match image C:\Users\jonat\OneDrive\Documentos\Unity projects\Projeto 3D\Library\PackageCache\com.unity.collab-proxy@1.15.15\Lib\Editor\PlasticSCM\unityplastic.dll
Native extension for WindowsStandalone target not found
Native extension for WebGL target not found
Refreshing native plugins compatible for Editor in 0.63 ms, found 2 plugins.
Preloading 0 native plugins for Editor in 0.00 ms.
Mono: successfully reloaded assembly
- Completed reload, in  1.114 seconds
Domain Reload Profiling:
	ReloadAssembly (1115ms)
		BeginReloadAssembly (139ms)
			ExecutionOrderSort (0ms)
			DisableScriptedObjects (5ms)
			BackupInstance (0ms)
			ReleaseScriptingObjects (0ms)
			CreateAndSetChildDomain (36ms)
		EndReloadAssembly (883ms)
			LoadAssemblies (117ms)
			RebuildTransferFunctionScriptingTraits (0ms)
			SetupTypeCache (295ms)
			ReleaseScriptCaches (1ms)
			RebuildScriptCaches (49ms)
			SetupLoadedEditorAssemblies (333ms)
				LogAssemblyErrors (0ms)
				InitializePlatformSupportModulesInManaged (6ms)
				SetLoadedEditorAssemblies (1ms)
				RefreshPlugins (1ms)
				BeforeProcessingInitializeOnLoad (99ms)
				ProcessInitializeOnLoadAttributes (205ms)
				ProcessInitializeOnLoadMethodAttributes (14ms)
				AfterProcessingInitializeOnLoad (8ms)
				EditorAssembliesLoaded (0ms)
			ExecutionOrderSort2 (0ms)
			AwakeInstancesAfterBackupRestoration (7ms)
Platform modules already initialized, skipping
Refreshing native plugins compatible for Editor in 0.71 ms, found 2 plugins.
Preloading 0 native plugins for Editor in 0.00 ms.
Unloading 1973 Unused Serialized files (Serialized files now loaded: 0)
System memory in use before: 123.6 MB.
System memory in use after: 123.7 MB.

Unloading 12 unused Assets to reduce memory usage. Loaded Objects now: 2548.
Total: 3.429100 ms (FindLiveObjects: 0.245200 ms CreateObjectMapping: 0.088000 ms MarkObjects: 2.968700 ms  DeleteObjects: 0.126400 ms)

AssetImportParameters requested are different than current active one (requested -> active):
  custom:framework-win-MediaFoundation: 216162199b28c13a410421893ffa2e32 -> 
  custom:video-decoder-ogg-theora: a1e56fd34408186e4bbccfd4996cb3dc -> 
  custom:container-muxer-webm: aa71ff27fc2769a1b78a27578f13a17b -> 
  custom:container-demuxer-webm: 4f35f7cbe854078d1ac9338744f61a02 -> 
  custom:container-demuxer-ogg: 62fdf1f143b41e24485cea50d1cbac27 -> 
  custom:video-encoder-webm-vp8: eb34c28f22e8b96e1ab97ce403110664 -> 
  custom:video-codec-MediaFoundation-h265: 746d11721c4dcdbdad8f713fa42b33f4 -> 
  custom:video-decoder-webm-vp8: 9c59270c3fd7afecdb556c50c9e8de78 -> 
  custom:audio-decoder-ogg-vorbis: bf7c407c2cedff20999df2af8eb42d56 -> 
  custom:audio-encoder-webm-vorbis: bf7c407c2cedff20999df2af8eb42d56 -> 
AssetImportWorkerClient::OnTransportError - code=2 error=End of file
